<?xml version="1.0" encoding="UTF-8"?>
<!-- Generated by org.testng.reporters.JUnitReportReporter -->
<testsuite hostname="MLLAB01" failures="0" tests="4" name="com.lbrce.devopsf.UserVerificationTest" time="0.007" errors="0" timestamp="2023-10-09T11:37:49 IST" skipped="0">
  <testcase classname="com.lbrce.devopsf.UserVerificationTest" name="testcase3" time="0.000"/>
  <testcase classname="com.lbrce.devopsf.UserVerificationTest" name="testcase2" time="0.000"/>
  <testcase classname="com.lbrce.devopsf.UserVerificationTest" name="testcase1" time="0.007"/>
  <testcase classname="com.lbrce.devopsf.UserVerificationTest" name="testcase4" time="0.000"/>
</testsuite> <!-- com.lbrce.devopsf.UserVerificationTest -->
